<?xml version="1.0" encoding="UTF-8"?>
<!-- Generated by org.testng.reporters.JUnitReportReporter -->
<testsuite skipped="0" hostname="Admin_SRV-PC" name="test.AirIndiaTest" tests="1" failures="0" timestamp="2023-02-20T11:57:19 IST" time="76.258" errors="0">
  <testcase name="test" time="76.258" classname="test.AirIndiaTest"/>
  <system-out/>
</testsuite> <!-- test.AirIndiaTest -->
