<?xml version="1.0" encoding="UTF-8"?>
<!-- Generated by org.testng.reporters.JUnitReportReporter -->
<testsuite skipped="0" hostname="Admin_SRV-PC" name="JavaPrograms.Revresenumber" tests="7" failures="0" timestamp="2023-02-20T18:57:26 IST" time="30.304" errors="0">
  <testcase name="numbers" time="0.007" classname="JavaPrograms.Revresenumber"/>
  <system-out/>
  <testcase name="revrseNum" time="0.000" classname="JavaPrograms.Revresenumber"/>
  <system-out/>
  <testcase name="rightpattern" time="0.016" classname="JavaPrograms.Revresenumber"/>
  <system-out/>
  <testcase name="swpnumber" time="22.914" classname="JavaPrograms.Revresenumber"/>
  <system-out/>
  <testcase name="fab" time="7.367" classname="JavaPrograms.Revresenumber"/>
  <system-out/>
  <testcase name="factorialProgram" time="0.000" classname="JavaPrograms.Revresenumber"/>
  <system-out/>
  <testcase name="revstring" time="0.000" classname="JavaPrograms.Revresenumber"/>
  <system-out/>
</testsuite> <!-- JavaPrograms.Revresenumber -->
