<?xml version="1.0" encoding="UTF-8"?>
<!-- Generated by org.testng.reporters.JUnitReportReporter -->
<testsuite hostname="Amits-MacBook-Pro.local" failures="0" tests="1" name="JavaPrograms.PallendiromProgram" time="2.611" errors="0" timestamp="2023-03-05T17:20:14 IST" skipped="0">
  <testcase classname="JavaPrograms.PallendiromProgram" name="Pallendiromprogrm" time="2.611"/>
  <system-out/>
</testsuite> <!-- JavaPrograms.PallendiromProgram -->
